Watching for file changes with StatReloader
"GET /about/ HTTP/1.1" 404 2205
"GET /prefix/about/ HTTP/1.1" 200 27
"GET /prefix HTTP/1.1" 301 0
"GET /prefix/ HTTP/1.1" 200 13
G:\Python-develop\Django\Seminar_1\Seminar_1\settings.py changed, reloading.
Watching for file changes with StatReloader
Index page accessed
"GET /prefix/ HTTP/1.1" 200 13
Error in about page: division by zero
Traceback (most recent call last):
  File "G:\Python-develop\Django\Seminar_1\myapp\views.py", line 17, in about
    result = 1 / 0
             ~~^~~
ZeroDivisionError: division by zero
"GET /prefix/about/ HTTP/1.1" 200 27
G:\Python-develop\Django\Seminar_1\Seminar_1\settings.py changed, reloading.
INFO 2024-03-28 19:30:58,346 autoreload 13588 9908 Watching for file changes with StatReloader
INFO 2024-03-28 19:31:13,375 views 13588 12468 Index page accessed
INFO 2024-03-28 19:31:13,376 basehttp 13588 12468 "GET /prefix/ HTTP/1.1" 200 13
ERROR 2024-03-28 19:31:18,352 views 13588 12468 Error in about page: division by zero
Traceback (most recent call last):
  File "G:\Python-develop\Django\Seminar_1\myapp\views.py", line 17, in about
    result = 1 / 0
             ~~^~~
ZeroDivisionError: division by zero
INFO 2024-03-28 19:31:18,354 basehttp 13588 12468 "GET /prefix/about/ HTTP/1.1" 200 27
